2025-05-14 17:00:13,119 - yfinance - ERROR - 
3 Failed downloads:
2025-05-14 17:00:13,119 - yfinance - ERROR - ['AAPL', 'MSFT', 'GOOG']: YFRateLimitError('Too Many Requests. Rate limited. Try after a while.')
2025-05-14 17:00:13,131 - evaluator - ERROR - Failed to evaluate squared error for AAPL
Traceback (most recent call last):
  File "/home/jayagowtham/Documents/mlapp/evaluator.py", line 23, in eval_today_se
    today_actual = data.values[-1][0]
IndexError: index -1 is out of bounds for axis 0 with size 0
2025-05-14 17:00:13,132 - evaluator - INFO - Updated score for AAPL: 2129.464953172465
2025-05-14 17:00:13,135 - evaluator - ERROR - Failed to evaluate squared error for GOOG
Traceback (most recent call last):
  File "/home/jayagowtham/Documents/mlapp/evaluator.py", line 23, in eval_today_se
    today_actual = data.values[-1][0]
IndexError: index -1 is out of bounds for axis 0 with size 0
2025-05-14 17:00:13,136 - evaluator - INFO - Updated score for GOOG: 1003.4270887915408
2025-05-14 17:00:13,139 - evaluator - ERROR - Failed to evaluate squared error for MSFT
Traceback (most recent call last):
  File "/home/jayagowtham/Documents/mlapp/evaluator.py", line 23, in eval_today_se
    today_actual = data.values[-1][0]
IndexError: index -1 is out of bounds for axis 0 with size 0
2025-05-14 17:00:13,140 - evaluator - INFO - Updated score for MSFT: 35080.236731843564
